<?xml version="1.0" encoding="UTF-8"?>
<robot generator="Robot 6.0.2 (Python 3.9.13 on win32)" generated="20230120 17:46:52.852" rpa="false" schemaversion="3">
<suite id="s1" name="Demo1 App Launch" source="C:\robot_project\appium_suite\demo1_app_launch.robot">
<test id="s1-t1" name="TC1" line="4">
<kw name="Open Application" library="AppiumLibrary">
<arg>remote_url=http://localhost:4723/wd/hub</arg>
<arg>platformName=android</arg>
<arg>deviceName=redmi</arg>
<arg>app=C:${/}Components${/}khan-academy-7-3-2.apk</arg>
<doc>Opens a new application to given Appium server.
Capabilities of appium server, Android and iOS,
Please check https://github.com/appium/appium/blob/master/docs/en/writing-running-appium/server-args.md
| *Option*            | *Man.* | *Description*     |
| remote_url          | Yes    | Appium server url |
| alias               | no     | alias             |
| strict_ssl          | No     | allows you to send commands to an invalid certificate host like a self-signed one. |</doc>
<kw name="Capture Page Screenshot" library="AppiumLibrary">
<doc>Takes a screenshot of the current page and embeds it into the log.</doc>
<msg timestamp="20230120 17:46:55.279" level="FAIL">No application is open</msg>
<status status="FAIL" starttime="20230120 17:46:55.279" endtime="20230120 17:46:55.296"/>
</kw>
<msg timestamp="20230120 17:46:55.296" level="WARN">Keyword 'Capture Page Screenshot' could not be run on failure: No application is open</msg>
<msg timestamp="20230120 17:46:55.296" level="FAIL">WebDriverException: Message: An unknown server-side error occurred while processing the command. Original error: The application at 'C:\Components\khan-academy-7-3-2.apk' does not exist or is not accessible
Stacktrace:
UnknownError: An unknown server-side error occurred while processing the command. Original error: The application at 'C:\Components\khan-academy-7-3-2.apk' does not exist or is not accessible
    at getResponseForW3CError (D:\Appium-Server-GUI-windows-1.22.3-4\resources\app\node_modules\appium\node_modules\appium-base-driver\lib\protocol\errors.js:804:9)
    at asyncHandler (D:\Appium-Server-GUI-windows-1.22.3-4\resources\app\node_modules\appium\node_modules\appium-base-driver\lib\protocol\protocol.js:380:37)</msg>
<status status="FAIL" starttime="20230120 17:46:53.148" endtime="20230120 17:46:55.296"/>
</kw>
<kw name="Wait Until Page Contains Element" library="AppiumLibrary">
<arg>xpath=//*[@text='Dismiss']</arg>
<arg>30s</arg>
<doc>Waits until element specified with `locator` appears on current page.</doc>
<status status="NOT RUN" starttime="20230120 17:46:55.296" endtime="20230120 17:46:55.296"/>
</kw>
<kw name="Click Element" library="AppiumLibrary">
<arg>xpath=//*[@text='Dismiss']</arg>
<doc>Click element identified by `locator`.</doc>
<status status="NOT RUN" starttime="20230120 17:46:55.296" endtime="20230120 17:46:55.296"/>
</kw>
<kw name="Wait Until Page Contains Element" library="AppiumLibrary">
<arg>xpath=//android.widget.Button[@text='Sign in']</arg>
<arg>30s</arg>
<doc>Waits until element specified with `locator` appears on current page.</doc>
<status status="NOT RUN" starttime="20230120 17:46:55.296" endtime="20230120 17:46:55.296"/>
</kw>
<kw name="Click Element" library="AppiumLibrary">
<arg>xpath=//android.widget.Button[@text='Sign in']</arg>
<doc>Click element identified by `locator`.</doc>
<status status="NOT RUN" starttime="20230120 17:46:55.296" endtime="20230120 17:46:55.296"/>
</kw>
<kw name="Wait Until Page Contains Element" library="AppiumLibrary">
<arg>xpath=//android.widget.TextView[@text='Sign in']</arg>
<arg>30s</arg>
<doc>Waits until element specified with `locator` appears on current page.</doc>
<status status="NOT RUN" starttime="20230120 17:46:55.296" endtime="20230120 17:46:55.296"/>
</kw>
<kw name="Click Element" library="AppiumLibrary">
<arg>xpath=//android.widget.TextView[@text='Sign in']</arg>
<doc>Click element identified by `locator`.</doc>
<status status="NOT RUN" starttime="20230120 17:46:55.296" endtime="20230120 17:46:55.296"/>
</kw>
<kw name="Wait Until Page Contains Element" library="AppiumLibrary">
<arg>xpath=//android.widget.EditText[@text='Enter an e-mail address or username']</arg>
<arg>30s</arg>
<doc>Waits until element specified with `locator` appears on current page.</doc>
<status status="NOT RUN" starttime="20230120 17:46:55.296" endtime="20230120 17:46:55.296"/>
</kw>
<kw name="Click Element" library="AppiumLibrary">
<arg>xpath=//android.widget.EditText[@text='Enter an e-mail address or username']</arg>
<doc>Click element identified by `locator`.</doc>
<status status="NOT RUN" starttime="20230120 17:46:55.296" endtime="20230120 17:46:55.296"/>
</kw>
<kw name="Input Text" library="AppiumLibrary">
<arg>xpath=//android.widget.EditText[@text='Enter an e-mail address or username']</arg>
<arg>naveen</arg>
<doc>Types the given `text` into text field identified by `locator`.</doc>
<status status="NOT RUN" starttime="20230120 17:46:55.296" endtime="20230120 17:46:55.296"/>
</kw>
<kw name="Click Element" library="AppiumLibrary">
<arg>xpath=//android.widget.EditText[@text='Password']</arg>
<doc>Click element identified by `locator`.</doc>
<status status="NOT RUN" starttime="20230120 17:46:55.296" endtime="20230120 17:46:55.296"/>
</kw>
<kw name="Input Text" library="AppiumLibrary">
<arg>xpath=//android.widget.EditText[@text='Password']</arg>
<arg>naveen@123</arg>
<doc>Types the given `text` into text field identified by `locator`.</doc>
<status status="NOT RUN" starttime="20230120 17:46:55.296" endtime="20230120 17:46:55.312"/>
</kw>
<status status="FAIL" starttime="20230120 17:46:53.132" endtime="20230120 17:46:55.312">WebDriverException: Message: An unknown server-side error occurred while processing the command. Original error: The application at 'C:\Components\khan-academy-7-3-2.apk' does not exist or is not accessible
Stacktrace:
UnknownError: An unknown server-side error occurred while processing the command. Original error: The application at 'C:\Components\khan-academy-7-3-2.apk' does not exist or is not accessible
    at getResponseForW3CError (D:\Appium-Server-GUI-windows-1.22.3-4\resources\app\node_modules\appium\node_modules\appium-base-driver\lib\protocol\errors.js:804:9)
    at asyncHandler (D:\Appium-Server-GUI-windows-1.22.3-4\resources\app\node_modules\appium\node_modules\appium-base-driver\lib\protocol\protocol.js:380:37)</status>
</test>
<status status="FAIL" starttime="20230120 17:46:52.865" endtime="20230120 17:46:55.312"/>
</suite>
<statistics>
<total>
<stat pass="0" fail="1" skip="0">All Tests</stat>
</total>
<tag>
</tag>
<suite>
<stat pass="0" fail="1" skip="0" id="s1" name="Demo1 App Launch">Demo1 App Launch</stat>
</suite>
</statistics>
<errors>
<msg timestamp="20230120 17:46:55.296" level="WARN">Keyword 'Capture Page Screenshot' could not be run on failure: No application is open</msg>
</errors>
</robot>
