<?xml version="1.0" encoding="UTF-8"?>
<robot generator="Robot 6.0.2 (Python 3.9.13 on win32)" generated="20230127 10:22:40.510" rpa="false" schemaversion="3">
<suite id="s1" name="Demo2" source="C:\robot_project\api_suite\demo2.robot">
<kw name="Create Session" library="RequestsLibrary" type="SETUP">
<arg>alias=petshop</arg>
<arg>url=https://petstore.swagger.io/v2/</arg>
<doc>Create Session: create a HTTP session to a server</doc>
<msg timestamp="20230127 10:22:40.701" level="INFO">Creating Session using : alias=petshop, url=https://petstore.swagger.io/v2/, headers={},                     cookies={}, auth=None, timeout=None, proxies=None, verify=False,                     debug=0 </msg>
<status status="PASS" starttime="20230127 10:22:40.700" endtime="20230127 10:22:40.708"/>
</kw>
<test id="s1-t1" name="TC1 Get Pet" line="6">
<kw name="GET On Session" library="RequestsLibrary">
<var>${response}</var>
<arg>alias=petshop</arg>
<arg>url=pet/101</arg>
<doc>Sends a GET request on a previously created HTTP Session.</doc>
<msg timestamp="20230127 10:22:41.592" level="INFO">GET Request : url=https://petstore.swagger.io/v2/pet/101 
 path_url=/v2/pet/101 
 headers={'User-Agent': 'python-requests/2.28.2', 'Accept-Encoding': 'gzip, deflate', 'Accept': '*/*', 'Connection': 'keep-alive'} 
 body=None 
 </msg>
<msg timestamp="20230127 10:22:41.592" level="INFO">GET Response : url=https://petstore.swagger.io/v2/pet/101 
 status=200, reason=OK 
 headers={'Date': 'Fri, 27 Jan 2023 04:52:39 GMT', 'Content-Type': 'application/json', 'Transfer-Encoding': 'chunked', 'Connection': 'keep-alive', 'Access-Control-Allow-Origin': '*', 'Access-Control-Allow-Methods': 'GET, POST, DELETE, PUT', 'Access-Control-Allow-Headers': 'Content-Type, api_key, Authorization', 'Server': 'Jetty(9.2.9.v20150224)'} 
 body={"id":101,"category":{"id":0,"name":"string"},"name":"doggie","photoUrls":["string"],"tags":[{"id":0,"name":"string"}],"status":"available"} 
 </msg>
<msg timestamp="20230127 10:22:41.592" level="INFO">C:\Users\40032462\AppData\Local\Programs\Python\Python39\lib\site-packages\urllib3\connectionpool.py:1045: InsecureRequestWarning: Unverified HTTPS request is being made to host 'petstore.swagger.io'. Adding certificate verification is strongly advised. See: https://urllib3.readthedocs.io/en/1.26.x/advanced-usage.html#ssl-warnings
  warnings.warn(</msg>
<msg timestamp="20230127 10:22:41.592" level="INFO">${response} = &lt;Response [200]&gt;</msg>
<status status="PASS" starttime="20230127 10:22:40.710" endtime="20230127 10:22:41.592"/>
</kw>
<kw name="Status Should Be" library="RequestsLibrary">
<arg>200</arg>
<doc>Fails if response status code is different than the expected.</doc>
<status status="PASS" starttime="20230127 10:22:41.592" endtime="20230127 10:22:41.592"/>
</kw>
<status status="PASS" starttime="20230127 10:22:40.708" endtime="20230127 10:22:41.592"/>
</test>
<test id="s1-t2" name="TC2" line="10">
<kw name="GET On Session" library="RequestsLibrary">
<var>${response}</var>
<arg>alias=petshop</arg>
<arg>url=pet/102</arg>
<arg>expected_status=404</arg>
<doc>Sends a GET request on a previously created HTTP Session.</doc>
<msg timestamp="20230127 10:22:41.807" level="INFO">GET Request : url=https://petstore.swagger.io/v2/pet/102 
 path_url=/v2/pet/102 
 headers={'User-Agent': 'python-requests/2.28.2', 'Accept-Encoding': 'gzip, deflate', 'Accept': '*/*', 'Connection': 'keep-alive'} 
 body=None 
 </msg>
<msg timestamp="20230127 10:22:41.807" level="INFO">GET Response : url=https://petstore.swagger.io/v2/pet/102 
 status=404, reason=Not Found 
 headers={'Date': 'Fri, 27 Jan 2023 04:52:40 GMT', 'Content-Type': 'application/json', 'Transfer-Encoding': 'chunked', 'Connection': 'keep-alive', 'Access-Control-Allow-Origin': '*', 'Access-Control-Allow-Methods': 'GET, POST, DELETE, PUT', 'Access-Control-Allow-Headers': 'Content-Type, api_key, Authorization', 'Server': 'Jetty(9.2.9.v20150224)'} 
 body={"code":1,"type":"error","message":"Pet not found"} 
 </msg>
<msg timestamp="20230127 10:22:41.807" level="INFO">C:\Users\40032462\AppData\Local\Programs\Python\Python39\lib\site-packages\urllib3\connectionpool.py:1045: InsecureRequestWarning: Unverified HTTPS request is being made to host 'petstore.swagger.io'. Adding certificate verification is strongly advised. See: https://urllib3.readthedocs.io/en/1.26.x/advanced-usage.html#ssl-warnings
  warnings.warn(</msg>
<msg timestamp="20230127 10:22:41.807" level="INFO">${response} = &lt;Response [404]&gt;</msg>
<status status="PASS" starttime="20230127 10:22:41.592" endtime="20230127 10:22:41.807"/>
</kw>
<kw name="Status Should Be" library="RequestsLibrary">
<arg>404</arg>
<doc>Fails if response status code is different than the expected.</doc>
<status status="PASS" starttime="20230127 10:22:41.807" endtime="20230127 10:22:41.807"/>
</kw>
<kw name="Convert To String" library="BuiltIn">
<var>${response_body}</var>
<arg>${response.json()}</arg>
<doc>Converts the given item to a Unicode string.</doc>
<msg timestamp="20230127 10:22:41.822" level="INFO">${response_body} = {'code': 1, 'type': 'error', 'message': 'Pet not found'}</msg>
<status status="PASS" starttime="20230127 10:22:41.807" endtime="20230127 10:22:41.822"/>
</kw>
<kw name="Should Contain" library="BuiltIn">
<arg>${response_body}</arg>
<arg>Pet not found</arg>
<doc>Fails if ``container`` does not contain ``item`` one or more times.</doc>
<status status="PASS" starttime="20230127 10:22:41.822" endtime="20230127 10:22:41.822"/>
</kw>
<status status="PASS" starttime="20230127 10:22:41.592" endtime="20230127 10:22:41.822"/>
</test>
<status status="PASS" starttime="20230127 10:22:40.510" endtime="20230127 10:22:41.822"/>
</suite>
<statistics>
<total>
<stat pass="2" fail="0" skip="0">All Tests</stat>
</total>
<tag>
</tag>
<suite>
<stat pass="2" fail="0" skip="0" id="s1" name="Demo2">Demo2</stat>
</suite>
</statistics>
<errors>
</errors>
</robot>
